A
A
A
A
A
A
A
A
A
A
A
A
A
A
A
A
A
A
A
A
A
A
A
A
A
A
A
A
A
A
A
A
A
A
A
A
A
A
A
A
A
A
A
A
A
A
A
A
A
A
B
B
B
B
B
B
B
B
B
B
B
B
B
B
B
B
B
B
B
B
B
B
B
B
B
B
B
C
B
B
B
B
B
C
B
B
B
B
B
B
B
B
B
B
B
B
B
B
B
B
C
C
C
C
C
C
B
C
C
C
C
C
C
C
C
C
C
C
C
B
C
C
C
B
C
C
B
B
C
C
C
C
C
C
C
C
C
C
B
C
C
C
C
C
C
C
C
C
C
C

A: 1.464 0.244
B: 4.29259 1.35926
C: 5.62609 2.04783

The number of data in each cluster: 
A: 50, B: 54, C: 46